<?xml version="1.0" encoding="UTF-8"?>
<coverage generated="1782685749640" clover="3.2.0">
  <project timestamp="1782685749640" name="All files">
    <metrics statements="67" coveredstatements="67" conditionals="41" coveredconditionals="36" methods="28" coveredmethods="27" elements="136" coveredelements="130" complexity="0" loc="67" ncloc="67" packages="2" files="7" classes="7"/>
    <package name="todo">
      <metrics statements="23" coveredstatements="23" conditionals="14" coveredconditionals="11" methods="7" coveredmethods="7"/>
      <file name="constants.js" path="/mnt/c/Users/thur_/OneDrive/Desktop/todomvc-react/src/todo/constants.js">
        <metrics statements="7" coveredstatements="7" conditionals="0" coveredconditionals="0" methods="0" coveredmethods="0"/>
        <line num="1" count="5" type="stmt"/>
        <line num="2" count="5" type="stmt"/>
        <line num="3" count="5" type="stmt"/>
        <line num="4" count="5" type="stmt"/>
        <line num="5" count="5" type="stmt"/>
        <line num="6" count="5" type="stmt"/>
        <line num="7" count="5" type="stmt"/>
      </file>
      <file name="reducer.js" path="/mnt/c/Users/thur_/OneDrive/Desktop/todomvc-react/src/todo/reducer.js">
        <metrics statements="16" coveredstatements="16" conditionals="14" coveredconditionals="11" methods="7" coveredmethods="7"/>
        <line num="32" count="1" type="stmt"/>
        <line num="35" count="1" type="stmt"/>
        <line num="37" count="1" type="stmt"/>
        <line num="38" count="1" type="stmt"/>
        <line num="40" count="21" type="stmt"/>
        <line num="42" count="1" type="stmt"/>
        <line num="45" count="1" type="stmt"/>
        <line num="46" count="8" type="cond" truecount="7" falsecount="0"/>
        <line num="48" count="1" type="stmt"/>
        <line num="50" count="1" type="cond" truecount="1" falsecount="1"/>
        <line num="52" count="2" type="stmt"/>
        <line num="54" count="1" type="cond" truecount="1" falsecount="1"/>
        <line num="56" count="1" type="stmt"/>
        <line num="58" count="2" type="cond" truecount="1" falsecount="1"/>
        <line num="60" count="3" type="stmt"/>
        <line num="63" count="1" type="stmt"/>
      </file>
    </package>
    <package name="todo.components">
      <metrics statements="44" coveredstatements="44" conditionals="27" coveredconditionals="25" methods="21" coveredmethods="20"/>
      <file name="footer.jsx" path="/mnt/c/Users/thur_/OneDrive/Desktop/todomvc-react/src/todo/components/footer.jsx">
        <metrics statements="5" coveredstatements="5" conditionals="2" coveredconditionals="2" methods="4" coveredmethods="4"/>
        <line num="8" count="9" type="stmt"/>
        <line num="10" count="10" type="stmt"/>
        <line num="11" count="9" type="stmt"/>
        <line num="13" count="9" type="stmt"/>
        <line num="15" count="9" type="stmt"/>
      </file>
      <file name="header.jsx" path="/mnt/c/Users/thur_/OneDrive/Desktop/todomvc-react/src/todo/components/header.jsx">
        <metrics statements="2" coveredstatements="2" conditionals="0" coveredconditionals="0" methods="2" coveredmethods="2"/>
        <line num="7" count="5" type="stmt"/>
        <line num="9" count="5" type="stmt"/>
      </file>
      <file name="input.jsx" path="/mnt/c/Users/thur_/OneDrive/Desktop/todomvc-react/src/todo/components/input.jsx">
        <metrics statements="11" coveredstatements="11" conditionals="13" coveredconditionals="12" methods="3" coveredmethods="3"/>
        <line num="4" count="15" type="stmt"/>
        <line num="6" count="2" type="cond" truecount="2" falsecount="0"/>
        <line num="7" count="1" type="stmt"/>
        <line num="8" count="1" type="stmt"/>
        <line num="13" count="15" type="stmt"/>
        <line num="15" count="9" type="cond" truecount="1" falsecount="1"/>
        <line num="16" count="9" type="stmt"/>
        <line num="19" count="9" type="cond" truecount="4" falsecount="0"/>
        <line num="20" count="7" type="stmt"/>
        <line num="23" count="7" type="cond" truecount="2" falsecount="0"/>
        <line num="28" count="15" type="stmt"/>
      </file>
      <file name="item.jsx" path="/mnt/c/Users/thur_/OneDrive/Desktop/todomvc-react/src/todo/components/item.jsx">
        <metrics statements="14" coveredstatements="14" conditionals="6" coveredconditionals="5" methods="6" coveredmethods="6"/>
        <line num="8" count="2" type="stmt"/>
        <line num="9" count="18" type="stmt"/>
        <line num="10" count="18" type="stmt"/>
        <line num="12" count="18" type="stmt"/>
        <line num="13" count="18" type="stmt"/>
        <line num="14" count="18" type="stmt"/>
        <line num="15" count="1" type="stmt"/>
        <line num="19" count="18" type="stmt"/>
        <line num="21" count="18" type="stmt"/>
        <line num="25" count="2" type="cond" truecount="1" falsecount="1"/>
        <line num="26" count="2" type="stmt"/>
        <line num="27" count="2" type="cond" truecount="2" falsecount="0"/>
        <line num="28" count="1" type="stmt"/>
        <line num="33" count="18" type="stmt"/>
      </file>
      <file name="main.jsx" path="/mnt/c/Users/thur_/OneDrive/Desktop/todomvc-react/src/todo/components/main.jsx">
        <metrics statements="12" coveredstatements="12" conditionals="6" coveredconditionals="6" methods="6" coveredmethods="5"/>
        <line num="9" count="6" type="stmt"/>
        <line num="11" count="6" type="stmt"/>
        <line num="13" count="6" type="stmt"/>
        <line num="14" count="9" type="cond" truecount="2" falsecount="0"/>
        <line num="15" count="2" type="stmt"/>
        <line num="17" count="7" type="cond" truecount="2" falsecount="0"/>
        <line num="18" count="2" type="stmt"/>
        <line num="20" count="5" type="stmt"/>
        <line num="25" count="6" type="stmt"/>
        <line num="27" count="6" type="stmt"/>
        <line num="35" count="6" type="cond" truecount="2" falsecount="0"/>
        <line num="44" count="7" type="stmt"/>
      </file>
    </package>
  </project>
</coverage>
