{"/mnt/c/Users/thur_/OneDrive/Desktop/todomvc-react/src/todo/app.jsx": {"path":"/mnt/c/Users/thur_/OneDrive/Desktop/todomvc-react/src/todo/app.jsx","statementMap":{"0":{"start":{"line":11,"column":30},"end":{"line":11,"column":57}},"1":{"start":{"line":13,"column":4},"end":{"line":19,"column":6}}},"fnMap":{"0":{"name":"App","decl":{"start":{"line":10,"column":16},"end":{"line":10,"column":19}},"loc":{"start":{"line":10,"column":22},"end":{"line":20,"column":1}},"line":10}},"branchMap":{},"s":{"0":2,"1":2},"f":{"0":2},"b":{},"_coverageSchema":"1a1c01bbd47fc00a2c39e90264f33305004495a9","hash":"3cf76b45d5da6c28c0c75c033b549636ed00b052"}
,"/mnt/c/Users/thur_/OneDrive/Desktop/todomvc-react/src/todo/constants.js": {"path":"/mnt/c/Users/thur_/OneDrive/Desktop/todomvc-react/src/todo/constants.js","statementMap":{"0":{"start":{"line":1,"column":24},"end":{"line":1,"column":34}},"1":{"start":{"line":2,"column":27},"end":{"line":2,"column":40}},"2":{"start":{"line":3,"column":27},"end":{"line":3,"column":40}},"3":{"start":{"line":4,"column":27},"end":{"line":4,"column":40}},"4":{"start":{"line":5,"column":32},"end":{"line":5,"column":50}},"5":{"start":{"line":6,"column":26},"end":{"line":6,"column":38}},"6":{"start":{"line":7,"column":38},"end":{"line":7,"column":62}}},"fnMap":{},"branchMap":{},"s":{"0":6,"1":6,"2":6,"3":6,"4":6,"5":6,"6":6},"f":{},"b":{},"_coverageSchema":"1a1c01bbd47fc00a2c39e90264f33305004495a9","hash":"2af2b04fb5d1eaffd20b1d520ab7eb59918741ac"}
,"/mnt/c/Users/thur_/OneDrive/Desktop/todomvc-react/src/todo/reducer.js": {"path":"/mnt/c/Users/thur_/OneDrive/Desktop/todomvc-react/src/todo/reducer.js","statementMap":{"0":{"start":{"line":32,"column":18},"end":{"line":32,"column":84}},"1":{"start":{"line":35,"column":13},"end":{"line":35,"column":15}},"2":{"start":{"line":37,"column":12},"end":{"line":37,"column":16}},"3":{"start":{"line":38,"column":4},"end":{"line":41,"column":5}},"4":{"start":{"line":40,"column":8},"end":{"line":40,"column":52}},"5":{"start":{"line":42,"column":4},"end":{"line":42,"column":14}},"6":{"start":{"line":45,"column":27},"end":{"line":64,"column":1}},"7":{"start":{"line":46,"column":4},"end":{"line":61,"column":5}},"8":{"start":{"line":48,"column":12},"end":{"line":48,"column":97}},"9":{"start":{"line":50,"column":12},"end":{"line":50,"column":122}},"10":{"start":{"line":50,"column":40},"end":{"line":50,"column":119}},"11":{"start":{"line":52,"column":12},"end":{"line":52,"column":73}},"12":{"start":{"line":52,"column":42},"end":{"line":52,"column":71}},"13":{"start":{"line":54,"column":12},"end":{"line":54,"column":121}},"14":{"start":{"line":54,"column":40},"end":{"line":54,"column":118}},"15":{"start":{"line":56,"column":12},"end":{"line":56,"column":22}},"16":{"start":{"line":58,"column":12},"end":{"line":58,"column":144}},"17":{"start":{"line":58,"column":40},"end":{"line":58,"column":141}},"18":{"start":{"line":60,"column":12},"end":{"line":60,"column":59}},"19":{"start":{"line":60,"column":42},"end":{"line":60,"column":57}},"20":{"start":{"line":63,"column":4},"end":{"line":63,"column":50}}},"fnMap":{"0":{"name":"nanoid","decl":{"start":{"line":34,"column":9},"end":{"line":34,"column":15}},"loc":{"start":{"line":34,"column":27},"end":{"line":43,"column":1}},"line":34},"1":{"name":"(anonymous_1)","decl":{"start":{"line":45,"column":27},"end":{"line":45,"column":28}},"loc":{"start":{"line":45,"column":46},"end":{"line":64,"column":1}},"line":45},"2":{"name":"(anonymous_2)","decl":{"start":{"line":50,"column":29},"end":{"line":50,"column":30}},"loc":{"start":{"line":50,"column":40},"end":{"line":50,"column":119}},"line":50},"3":{"name":"(anonymous_3)","decl":{"start":{"line":52,"column":32},"end":{"line":52,"column":33}},"loc":{"start":{"line":52,"column":42},"end":{"line":52,"column":71}},"line":52},"4":{"name":"(anonymous_4)","decl":{"start":{"line":54,"column":29},"end":{"line":54,"column":30}},"loc":{"start":{"line":54,"column":40},"end":{"line":54,"column":118}},"line":54},"5":{"name":"(anonymous_5)","decl":{"start":{"line":58,"column":29},"end":{"line":58,"column":30}},"loc":{"start":{"line":58,"column":40},"end":{"line":58,"column":141}},"line":58},"6":{"name":"(anonymous_6)","decl":{"start":{"line":60,"column":32},"end":{"line":60,"column":33}},"loc":{"start":{"line":60,"column":42},"end":{"line":60,"column":57}},"line":60}},"branchMap":{"0":{"loc":{"start":{"line":34,"column":16},"end":{"line":34,"column":25}},"type":"default-arg","locations":[{"start":{"line":34,"column":23},"end":{"line":34,"column":25}}],"line":34},"1":{"loc":{"start":{"line":46,"column":4},"end":{"line":61,"column":5}},"type":"switch","locations":[{"start":{"line":47,"column":8},"end":{"line":48,"column":97}},{"start":{"line":49,"column":8},"end":{"line":50,"column":122}},{"start":{"line":51,"column":8},"end":{"line":52,"column":73}},{"start":{"line":53,"column":8},"end":{"line":54,"column":121}},{"start":{"line":55,"column":8},"end":{"line":56,"column":22}},{"start":{"line":57,"column":8},"end":{"line":58,"column":144}},{"start":{"line":59,"column":8},"end":{"line":60,"column":59}}],"line":46},"2":{"loc":{"start":{"line":50,"column":40},"end":{"line":50,"column":119}},"type":"cond-expr","locations":[{"start":{"line":50,"column":72},"end":{"line":50,"column":112}},{"start":{"line":50,"column":115},"end":{"line":50,"column":119}}],"line":50},"3":{"loc":{"start":{"line":54,"column":40},"end":{"line":54,"column":118}},"type":"cond-expr","locations":[{"start":{"line":54,"column":72},"end":{"line":54,"column":111}},{"start":{"line":54,"column":114},"end":{"line":54,"column":118}}],"line":54},"4":{"loc":{"start":{"line":58,"column":40},"end":{"line":58,"column":141}},"type":"cond-expr","locations":[{"start":{"line":58,"column":86},"end":{"line":58,"column":134}},{"start":{"line":58,"column":137},"end":{"line":58,"column":141}}],"line":58}},"s":{"0":2,"1":2,"2":2,"3":2,"4":42,"5":2,"6":2,"7":9,"8":2,"9":1,"10":1,"11":1,"12":2,"13":1,"14":1,"15":1,"16":1,"17":2,"18":1,"19":3,"20":1},"f":{"0":2,"1":9,"2":1,"3":2,"4":1,"5":2,"6":3},"b":{"0":[2],"1":[2,1,1,1,1,1,1],"2":[1,0],"3":[1,0],"4":[2,0]},"_coverageSchema":"1a1c01bbd47fc00a2c39e90264f33305004495a9","hash":"792251a8fb230c6f2f44681ba7d5eaab3c085f1b"}
,"/mnt/c/Users/thur_/OneDrive/Desktop/todomvc-react/src/todo/components/footer.jsx": {"path":"/mnt/c/Users/thur_/OneDrive/Desktop/todomvc-react/src/todo/components/footer.jsx","statementMap":{"0":{"start":{"line":8,"column":32},"end":{"line":8,"column":45}},"1":{"start":{"line":10,"column":24},"end":{"line":10,"column":87}},"2":{"start":{"line":10,"column":38},"end":{"line":10,"column":77}},"3":{"start":{"line":10,"column":61},"end":{"line":10,"column":76}},"4":{"start":{"line":11,"column":27},"end":{"line":11,"column":60}},"5":{"start":{"line":13,"column":28},"end":{"line":13,"column":101}},"6":{"start":{"line":13,"column":46},"end":{"line":13,"column":88}},"7":{"start":{"line":15,"column":4},"end":{"line":37,"column":6}}},"fnMap":{"0":{"name":"Footer","decl":{"start":{"line":7,"column":16},"end":{"line":7,"column":22}},"loc":{"start":{"line":7,"column":44},"end":{"line":38,"column":1}},"line":7},"1":{"name":"(anonymous_1)","decl":{"start":{"line":10,"column":32},"end":{"line":10,"column":33}},"loc":{"start":{"line":10,"column":38},"end":{"line":10,"column":77}},"line":10},"2":{"name":"(anonymous_2)","decl":{"start":{"line":10,"column":51},"end":{"line":10,"column":52}},"loc":{"start":{"line":10,"column":61},"end":{"line":10,"column":76}},"line":10},"3":{"name":"(anonymous_3)","decl":{"start":{"line":13,"column":40},"end":{"line":13,"column":41}},"loc":{"start":{"line":13,"column":46},"end":{"line":13,"column":88}},"line":13}},"branchMap":{"0":{"loc":{"start":{"line":17,"column":67},"end":{"line":17,"column":110}},"type":"cond-expr","locations":[{"start":{"line":17,"column":94},"end":{"line":17,"column":100}},{"start":{"line":17,"column":103},"end":{"line":17,"column":110}}],"line":17}},"s":{"0":11,"1":11,"2":11,"3":11,"4":11,"5":11,"6":1,"7":11},"f":{"0":11,"1":11,"2":11,"3":1},"b":{"0":[6,5]},"_coverageSchema":"1a1c01bbd47fc00a2c39e90264f33305004495a9","hash":"e3e397ffd9695863015fc5f0016cf827e00491d1"}
,"/mnt/c/Users/thur_/OneDrive/Desktop/todomvc-react/src/todo/components/header.jsx": {"path":"/mnt/c/Users/thur_/OneDrive/Desktop/todomvc-react/src/todo/components/header.jsx","statementMap":{"0":{"start":{"line":7,"column":20},"end":{"line":7,"column":104}},"1":{"start":{"line":7,"column":43},"end":{"line":7,"column":91}},"2":{"start":{"line":9,"column":4},"end":{"line":14,"column":6}}},"fnMap":{"0":{"name":"Header","decl":{"start":{"line":6,"column":16},"end":{"line":6,"column":22}},"loc":{"start":{"line":6,"column":37},"end":{"line":15,"column":1}},"line":6},"1":{"name":"(anonymous_1)","decl":{"start":{"line":7,"column":32},"end":{"line":7,"column":33}},"loc":{"start":{"line":7,"column":43},"end":{"line":7,"column":91}},"line":7}},"branchMap":{},"s":{"0":7,"1":2,"2":7},"f":{"0":7,"1":2},"b":{},"_coverageSchema":"1a1c01bbd47fc00a2c39e90264f33305004495a9","hash":"f1b6cd35b381e2ab02705ec7decf33685f75c962"}
,"/mnt/c/Users/thur_/OneDrive/Desktop/todomvc-react/src/todo/components/input.jsx": {"path":"/mnt/c/Users/thur_/OneDrive/Desktop/todomvc-react/src/todo/components/input.jsx","statementMap":{"0":{"start":{"line":4,"column":23},"end":{"line":11,"column":5}},"1":{"start":{"line":6,"column":12},"end":{"line":6,"column":32}},"2":{"start":{"line":6,"column":25},"end":{"line":6,"column":32}},"3":{"start":{"line":7,"column":26},"end":{"line":7,"column":47}},"4":{"start":{"line":8,"column":12},"end":{"line":8,"column":26}},"5":{"start":{"line":13,"column":26},"end":{"line":26,"column":5}},"6":{"start":{"line":15,"column":12},"end":{"line":15,"column":42}},"7":{"start":{"line":15,"column":35},"end":{"line":15,"column":42}},"8":{"start":{"line":16,"column":26},"end":{"line":16,"column":47}},"9":{"start":{"line":19,"column":12},"end":{"line":19,"column":55}},"10":{"start":{"line":19,"column":48},"end":{"line":19,"column":55}},"11":{"start":{"line":20,"column":12},"end":{"line":20,"column":28}},"12":{"start":{"line":23,"column":12},"end":{"line":23,"column":46}},"13":{"start":{"line":23,"column":26},"end":{"line":23,"column":46}},"14":{"start":{"line":28,"column":4},"end":{"line":40,"column":6}}},"fnMap":{"0":{"name":"Input","decl":{"start":{"line":3,"column":16},"end":{"line":3,"column":21}},"loc":{"start":{"line":3,"column":95},"end":{"line":41,"column":1}},"line":3},"1":{"name":"(anonymous_1)","decl":{"start":{"line":5,"column":8},"end":{"line":5,"column":9}},"loc":{"start":{"line":5,"column":15},"end":{"line":9,"column":9}},"line":5},"2":{"name":"(anonymous_2)","decl":{"start":{"line":14,"column":8},"end":{"line":14,"column":9}},"loc":{"start":{"line":14,"column":15},"end":{"line":24,"column":9}},"line":14}},"branchMap":{"0":{"loc":{"start":{"line":3,"column":76},"end":{"line":3,"column":91}},"type":"default-arg","locations":[{"start":{"line":3,"column":86},"end":{"line":3,"column":91}}],"line":3},"1":{"loc":{"start":{"line":6,"column":12},"end":{"line":6,"column":32}},"type":"if","locations":[{"start":{"line":6,"column":12},"end":{"line":6,"column":32}},{"start":{},"end":{}}],"line":6},"2":{"loc":{"start":{"line":15,"column":12},"end":{"line":15,"column":42}},"type":"if","locations":[{"start":{"line":15,"column":12},"end":{"line":15,"column":42}},{"start":{},"end":{}}],"line":15},"3":{"loc":{"start":{"line":19,"column":12},"end":{"line":19,"column":55}},"type":"if","locations":[{"start":{"line":19,"column":12},"end":{"line":19,"column":55}},{"start":{},"end":{}}],"line":19},"4":{"loc":{"start":{"line":19,"column":16},"end":{"line":19,"column":46}},"type":"binary-expr","locations":[{"start":{"line":19,"column":16},"end":{"line":19,"column":24}},{"start":{"line":19,"column":28},"end":{"line":19,"column":46}}],"line":19},"5":{"loc":{"start":{"line":23,"column":12},"end":{"line":23,"column":46}},"type":"if","locations":[{"start":{"line":23,"column":12},"end":{"line":23,"column":46}},{"start":{},"end":{}}],"line":23},"6":{"loc":{"start":{"line":30,"column":23},"end":{"line":30,"column":52}},"type":"cond-expr","locations":[{"start":{"line":30,"column":33},"end":{"line":30,"column":39}},{"start":{"line":30,"column":42},"end":{"line":30,"column":52}}],"line":30}},"s":{"0":17,"1":2,"2":1,"3":1,"4":1,"5":17,"6":21,"7":11,"8":10,"9":10,"10":2,"11":8,"12":8,"13":4,"14":17},"f":{"0":17,"1":2,"2":21},"b":{"0":[10],"1":[1,1],"2":[11,10],"3":[2,8],"4":[10,6],"5":[4,4],"6":[5,12]},"_coverageSchema":"1a1c01bbd47fc00a2c39e90264f33305004495a9","hash":"f3a8151913c1680abd7dbe8d7bc9a504ebdcc433"}
,"/mnt/c/Users/thur_/OneDrive/Desktop/todomvc-react/src/todo/components/item.jsx": {"path":"/mnt/c/Users/thur_/OneDrive/Desktop/todomvc-react/src/todo/components/item.jsx","statementMap":{"0":{"start":{"line":8,"column":20},"end":{"line":64,"column":2}},"1":{"start":{"line":9,"column":40},"end":{"line":9,"column":55}},"2":{"start":{"line":10,"column":37},"end":{"line":10,"column":41}},"3":{"start":{"line":12,"column":23},"end":{"line":12,"column":106}},"4":{"start":{"line":12,"column":41},"end":{"line":12,"column":89}},"5":{"start":{"line":13,"column":23},"end":{"line":13,"column":106}},"6":{"start":{"line":13,"column":41},"end":{"line":13,"column":89}},"7":{"start":{"line":14,"column":23},"end":{"line":17,"column":5}},"8":{"start":{"line":15,"column":22},"end":{"line":15,"column":87}},"9":{"start":{"line":19,"column":30},"end":{"line":19,"column":72}},"10":{"start":{"line":19,"column":48},"end":{"line":19,"column":67}},"11":{"start":{"line":21,"column":23},"end":{"line":31,"column":5}},"12":{"start":{"line":25,"column":12},"end":{"line":25,"column":36}},"13":{"start":{"line":25,"column":29},"end":{"line":25,"column":36}},"14":{"start":{"line":26,"column":12},"end":{"line":26,"column":33}},"15":{"start":{"line":27,"column":12},"end":{"line":28,"column":38}},"16":{"start":{"line":27,"column":39},"end":{"line":27,"column":52}},"17":{"start":{"line":28,"column":17},"end":{"line":28,"column":38}},"18":{"start":{"line":33,"column":4},"end":{"line":63,"column":6}}},"fnMap":{"0":{"name":"Item","decl":{"start":{"line":8,"column":34},"end":{"line":8,"column":38}},"loc":{"start":{"line":8,"column":59},"end":{"line":64,"column":1}},"line":8},"1":{"name":"(anonymous_1)","decl":{"start":{"line":12,"column":35},"end":{"line":12,"column":36}},"loc":{"start":{"line":12,"column":41},"end":{"line":12,"column":89}},"line":12},"2":{"name":"(anonymous_2)","decl":{"start":{"line":13,"column":35},"end":{"line":13,"column":36}},"loc":{"start":{"line":13,"column":41},"end":{"line":13,"column":89}},"line":13},"3":{"name":"(anonymous_3)","decl":{"start":{"line":15,"column":8},"end":{"line":15,"column":9}},"loc":{"start":{"line":15,"column":22},"end":{"line":15,"column":87}},"line":15},"4":{"name":"(anonymous_4)","decl":{"start":{"line":19,"column":42},"end":{"line":19,"column":43}},"loc":{"start":{"line":19,"column":48},"end":{"line":19,"column":67}},"line":19},"5":{"name":"(anonymous_5)","decl":{"start":{"line":22,"column":8},"end":{"line":22,"column":9}},"loc":{"start":{"line":22,"column":22},"end":{"line":29,"column":9}},"line":22}},"branchMap":{"0":{"loc":{"start":{"line":25,"column":12},"end":{"line":25,"column":36}},"type":"if","locations":[{"start":{"line":25,"column":12},"end":{"line":25,"column":36}},{"start":{},"end":{}}],"line":25},"1":{"loc":{"start":{"line":27,"column":12},"end":{"line":28,"column":38}},"type":"if","locations":[{"start":{"line":27,"column":12},"end":{"line":28,"column":38}},{"start":{"line":28,"column":17},"end":{"line":28,"column":38}}],"line":27},"2":{"loc":{"start":{"line":53,"column":13},"end":{"line":61,"column":13}},"type":"binary-expr","locations":[{"start":{"line":53,"column":13},"end":{"line":53,"column":23}},{"start":{"line":54,"column":16},"end":{"line":60,"column":18}}],"line":53}},"s":{"0":3,"1":19,"2":19,"3":19,"4":1,"5":19,"6":2,"7":19,"8":1,"9":19,"10":3,"11":19,"12":2,"13":0,"14":2,"15":2,"16":1,"17":1,"18":19},"f":{"0":19,"1":1,"2":2,"3":1,"4":3,"5":2},"b":{"0":[0,2],"1":[1,1],"2":[19,3]},"_coverageSchema":"1a1c01bbd47fc00a2c39e90264f33305004495a9","hash":"36752381df223074933508353cf94e55a9712825"}
,"/mnt/c/Users/thur_/OneDrive/Desktop/todomvc-react/src/todo/components/main.jsx": {"path":"/mnt/c/Users/thur_/OneDrive/Desktop/todomvc-react/src/todo/components/main.jsx","statementMap":{"0":{"start":{"line":9,"column":32},"end":{"line":9,"column":45}},"1":{"start":{"line":11,"column":25},"end":{"line":23,"column":5}},"2":{"start":{"line":13,"column":12},"end":{"line":21,"column":14}},"3":{"start":{"line":14,"column":16},"end":{"line":15,"column":43}},"4":{"start":{"line":15,"column":20},"end":{"line":15,"column":43}},"5":{"start":{"line":17,"column":16},"end":{"line":18,"column":42}},"6":{"start":{"line":18,"column":20},"end":{"line":18,"column":42}},"7":{"start":{"line":20,"column":16},"end":{"line":20,"column":28}},"8":{"start":{"line":25,"column":22},"end":{"line":25,"column":126}},"9":{"start":{"line":25,"column":41},"end":{"line":25,"column":113}},"10":{"start":{"line":27,"column":4},"end":{"line":48,"column":6}},"11":{"start":{"line":35,"column":85},"end":{"line":35,"column":99}},"12":{"start":{"line":44,"column":20},"end":{"line":44,"column":74}}},"fnMap":{"0":{"name":"Main","decl":{"start":{"line":8,"column":16},"end":{"line":8,"column":20}},"loc":{"start":{"line":8,"column":42},"end":{"line":49,"column":1}},"line":8},"1":{"name":"(anonymous_1)","decl":{"start":{"line":12,"column":8},"end":{"line":12,"column":9}},"loc":{"start":{"line":13,"column":12},"end":{"line":21,"column":14}},"line":13},"2":{"name":"(anonymous_2)","decl":{"start":{"line":13,"column":25},"end":{"line":13,"column":26}},"loc":{"start":{"line":13,"column":35},"end":{"line":21,"column":13}},"line":13},"3":{"name":"(anonymous_3)","decl":{"start":{"line":25,"column":34},"end":{"line":25,"column":35}},"loc":{"start":{"line":25,"column":41},"end":{"line":25,"column":113}},"line":25},"4":{"name":"(anonymous_4)","decl":{"start":{"line":35,"column":75},"end":{"line":35,"column":76}},"loc":{"start":{"line":35,"column":85},"end":{"line":35,"column":99}},"line":35},"5":{"name":"(anonymous_5)","decl":{"start":{"line":43,"column":34},"end":{"line":43,"column":35}},"loc":{"start":{"line":44,"column":20},"end":{"line":44,"column":74}},"line":44}},"branchMap":{"0":{"loc":{"start":{"line":14,"column":16},"end":{"line":15,"column":43}},"type":"if","locations":[{"start":{"line":14,"column":16},"end":{"line":15,"column":43}},{"start":{},"end":{}}],"line":14},"1":{"loc":{"start":{"line":17,"column":16},"end":{"line":18,"column":42}},"type":"if","locations":[{"start":{"line":17,"column":16},"end":{"line":18,"column":42}},{"start":{},"end":{}}],"line":17},"2":{"loc":{"start":{"line":35,"column":29},"end":{"line":35,"column":100}},"type":"binary-expr","locations":[{"start":{"line":35,"column":29},"end":{"line":35,"column":52}},{"start":{"line":35,"column":56},"end":{"line":35,"column":100}}],"line":35}},"s":{"0":8,"1":8,"2":8,"3":10,"4":2,"5":8,"6":2,"7":6,"8":8,"9":0,"10":8,"11":7,"12":8},"f":{"0":8,"1":8,"2":10,"3":0,"4":7,"5":8},"b":{"0":[2,8],"1":[2,6],"2":[8,6]},"_coverageSchema":"1a1c01bbd47fc00a2c39e90264f33305004495a9","hash":"fb2878281172bde2ffa23dd34afef77dda728f6c"}
}
