TN:
SF:src/todo/app.jsx
FN:10,App
FNF:1
FNH:1
FNDA:2,App
DA:11,2
DA:13,2
LF:2
LH:2
BRF:0
BRH:0
end_of_record
TN:
SF:src/todo/constants.js
FNF:0
FNH:0
DA:1,6
DA:2,6
DA:3,6
DA:4,6
DA:5,6
DA:6,6
DA:7,6
LF:7
LH:7
BRF:0
BRH:0
end_of_record
TN:
SF:src/todo/reducer.js
FN:12,(anonymous_0)
FN:22,(anonymous_1)
FN:29,(anonymous_2)
FN:32,(anonymous_3)
FN:42,(anonymous_4)
FN:48,(anonymous_5)
FNF:6
FNH:6
FNDA:9,(anonymous_0)
FNDA:1,(anonymous_1)
FNDA:2,(anonymous_2)
FNDA:1,(anonymous_3)
FNDA:2,(anonymous_4)
FNDA:3,(anonymous_5)
DA:12,2
DA:13,9
DA:15,2
DA:22,1
DA:23,1
DA:29,2
DA:32,1
DA:33,1
DA:39,1
DA:42,2
DA:48,3
DA:51,1
LF:12
LH:12
BRDA:13,0,0,2
BRDA:13,0,1,1
BRDA:13,0,2,1
BRDA:13,0,3,1
BRDA:13,0,4,1
BRDA:13,0,5,1
BRDA:13,0,6,1
BRDA:13,0,7,1
BRDA:23,1,0,1
BRDA:23,1,1,0
BRDA:33,2,0,1
BRDA:33,2,1,0
BRF:12
BRH:10
end_of_record
TN:
SF:src/todo/components/footer.jsx
FN:8,Footer
FN:12,(anonymous_1)
FN:12,(anonymous_2)
FN:18,(anonymous_3)
FNF:4
FNH:4
FNDA:11,Footer
FNDA:11,(anonymous_1)
FNDA:11,(anonymous_2)
FNDA:1,(anonymous_3)
DA:9,11
DA:11,11
DA:12,11
DA:16,11
DA:18,11
DA:19,1
DA:22,11
DA:73,2
LF:8
LH:8
BRDA:30,0,0,6
BRDA:30,0,1,5
BRF:2
BRH:2
end_of_record
TN:
SF:src/todo/components/header.jsx
FN:7,Header
FN:9,(anonymous_1)
FNF:2
FNH:2
FNDA:7,Header
FNDA:2,(anonymous_1)
DA:8,7
DA:10,2
DA:18,7
DA:31,2
LF:4
LH:4
BRF:0
BRH:0
end_of_record
TN:
SF:src/todo/components/input.jsx
FN:4,Input
FN:13,(anonymous_1)
FN:23,(anonymous_2)
FNF:3
FNH:3
FNDA:17,Input
FNDA:2,(anonymous_1)
FNDA:21,(anonymous_2)
DA:12,17
DA:14,2
DA:16,1
DA:17,1
DA:22,17
DA:24,21
DA:25,10
DA:27,10
DA:29,10
DA:31,8
DA:34,8
DA:35,4
DA:41,17
DA:56,5
LF:14
LH:14
BRDA:10,0,0,10
BRDA:14,1,0,1
BRDA:14,1,1,1
BRDA:24,2,0,11
BRDA:24,2,1,10
BRDA:25,3,0,0
BRDA:25,3,1,10
BRDA:29,4,0,2
BRDA:29,4,1,8
BRDA:29,5,0,10
BRDA:29,5,1,6
BRDA:34,6,0,4
BRDA:34,6,1,4
BRDA:43,7,0,5
BRDA:43,7,1,12
BRF:15
BRH:14
end_of_record
TN:
SF:src/todo/components/item.jsx
FN:9,Item
FN:15,(anonymous_1)
FN:20,(anonymous_2)
FN:25,(anonymous_3)
FN:33,(anonymous_4)
FN:38,(anonymous_5)
FNF:6
FNH:6
FNDA:19,Item
FNDA:1,(anonymous_1)
FNDA:2,(anonymous_2)
FNDA:1,(anonymous_3)
FNDA:3,(anonymous_4)
FNDA:2,(anonymous_5)
DA:9,3
DA:10,19
DA:12,19
DA:14,19
DA:15,1
DA:19,19
DA:20,2
DA:24,19
DA:26,1
DA:33,19
DA:34,3
DA:37,19
DA:39,2
DA:41,2
DA:43,2
DA:44,1
DA:46,1
DA:52,19
DA:94,3
LF:19
LH:19
BRDA:39,0,0,0
BRDA:39,0,1,2
BRDA:43,1,0,1
BRDA:43,1,1,1
BRDA:43,2,0,2
BRDA:43,2,1,1
BRDA:81,3,0,19
BRDA:81,3,1,3
BRF:8
BRH:7
end_of_record
TN:
SF:src/todo/components/main.jsx
FN:8,Main
FN:11,(anonymous_1)
FN:12,(anonymous_2)
FN:20,(anonymous_3)
FN:31,(anonymous_4)
FN:51,(anonymous_5)
FNF:6
FNH:5
FNDA:8,Main
FNDA:8,(anonymous_1)
FNDA:10,(anonymous_2)
FNDA:0,(anonymous_3)
FNDA:7,(anonymous_4)
FNDA:8,(anonymous_5)
DA:9,8
DA:11,8
DA:12,8
DA:13,10
DA:14,8
DA:15,6
DA:19,8
DA:21,0
DA:30,8
DA:31,7
DA:33,8
DA:52,8
DA:59,2
LF:13
LH:12
BRDA:13,0,0,2
BRDA:13,0,1,8
BRDA:14,1,0,2
BRDA:14,1,1,6
BRDA:30,2,0,8
BRDA:30,2,1,6
BRF:6
BRH:6
end_of_record
