TN:
SF:src/todo/app.jsx
FN:10,App
FNF:1
FNH:1
FNDA:2,App
DA:11,2
DA:13,2
LF:2
LH:2
BRF:0
BRH:0
end_of_record
TN:
SF:src/todo/constants.js
FNF:0
FNH:0
DA:1,6
DA:2,6
DA:3,6
DA:4,6
DA:5,6
DA:6,6
DA:7,6
LF:7
LH:7
BRF:0
BRH:0
end_of_record
TN:
SF:src/todo/reducer.js
FN:34,nanoid
FN:45,(anonymous_1)
FN:50,(anonymous_2)
FN:52,(anonymous_3)
FN:54,(anonymous_4)
FN:58,(anonymous_5)
FN:60,(anonymous_6)
FNF:7
FNH:7
FNDA:2,nanoid
FNDA:9,(anonymous_1)
FNDA:1,(anonymous_2)
FNDA:2,(anonymous_3)
FNDA:1,(anonymous_4)
FNDA:2,(anonymous_5)
FNDA:3,(anonymous_6)
DA:32,2
DA:35,2
DA:37,2
DA:38,2
DA:40,42
DA:42,2
DA:45,2
DA:46,9
DA:48,2
DA:50,1
DA:52,2
DA:54,1
DA:56,1
DA:58,2
DA:60,3
DA:63,1
LF:16
LH:16
BRDA:34,0,0,2
BRDA:46,1,0,2
BRDA:46,1,1,1
BRDA:46,1,2,1
BRDA:46,1,3,1
BRDA:46,1,4,1
BRDA:46,1,5,1
BRDA:46,1,6,1
BRDA:50,2,0,1
BRDA:50,2,1,0
BRDA:54,3,0,1
BRDA:54,3,1,0
BRDA:58,4,0,2
BRDA:58,4,1,0
BRF:14
BRH:11
end_of_record
TN:
SF:src/todo/components/footer.jsx
FN:7,Footer
FN:10,(anonymous_1)
FN:10,(anonymous_2)
FN:13,(anonymous_3)
FNF:4
FNH:4
FNDA:11,Footer
FNDA:11,(anonymous_1)
FNDA:11,(anonymous_2)
FNDA:1,(anonymous_3)
DA:8,11
DA:10,11
DA:11,11
DA:13,11
DA:15,11
LF:5
LH:5
BRDA:17,0,0,6
BRDA:17,0,1,5
BRF:2
BRH:2
end_of_record
TN:
SF:src/todo/components/header.jsx
FN:6,Header
FN:7,(anonymous_1)
FNF:2
FNH:2
FNDA:7,Header
FNDA:2,(anonymous_1)
DA:7,7
DA:9,7
LF:2
LH:2
BRF:0
BRH:0
end_of_record
TN:
SF:src/todo/components/input.jsx
FN:3,Input
FN:5,(anonymous_1)
FN:14,(anonymous_2)
FNF:3
FNH:3
FNDA:17,Input
FNDA:2,(anonymous_1)
FNDA:21,(anonymous_2)
DA:4,17
DA:6,2
DA:7,1
DA:8,1
DA:13,17
DA:15,21
DA:16,10
DA:19,10
DA:20,8
DA:23,8
DA:28,17
LF:11
LH:11
BRDA:3,0,0,10
BRDA:6,1,0,1
BRDA:6,1,1,1
BRDA:15,2,0,11
BRDA:15,2,1,10
BRDA:19,3,0,2
BRDA:19,3,1,8
BRDA:19,4,0,10
BRDA:19,4,1,6
BRDA:23,5,0,4
BRDA:23,5,1,4
BRDA:30,6,0,5
BRDA:30,6,1,12
BRF:13
BRH:13
end_of_record
TN:
SF:src/todo/components/item.jsx
FN:8,Item
FN:12,(anonymous_1)
FN:13,(anonymous_2)
FN:15,(anonymous_3)
FN:19,(anonymous_4)
FN:22,(anonymous_5)
FNF:6
FNH:6
FNDA:19,Item
FNDA:1,(anonymous_1)
FNDA:2,(anonymous_2)
FNDA:1,(anonymous_3)
FNDA:3,(anonymous_4)
FNDA:2,(anonymous_5)
DA:8,3
DA:9,19
DA:10,19
DA:12,19
DA:13,19
DA:14,19
DA:15,1
DA:19,19
DA:21,19
DA:25,2
DA:26,2
DA:27,2
DA:28,1
DA:33,19
LF:14
LH:14
BRDA:25,0,0,0
BRDA:25,0,1,2
BRDA:27,1,0,1
BRDA:27,1,1,1
BRDA:53,2,0,19
BRDA:53,2,1,3
BRF:6
BRH:5
end_of_record
TN:
SF:src/todo/components/main.jsx
FN:8,Main
FN:12,(anonymous_1)
FN:13,(anonymous_2)
FN:25,(anonymous_3)
FN:35,(anonymous_4)
FN:43,(anonymous_5)
FNF:6
FNH:5
FNDA:8,Main
FNDA:8,(anonymous_1)
FNDA:10,(anonymous_2)
FNDA:0,(anonymous_3)
FNDA:7,(anonymous_4)
FNDA:8,(anonymous_5)
DA:9,8
DA:11,8
DA:13,8
DA:14,10
DA:15,2
DA:17,8
DA:18,2
DA:20,6
DA:25,8
DA:27,8
DA:35,7
DA:44,8
LF:12
LH:12
BRDA:14,0,0,2
BRDA:14,0,1,8
BRDA:17,1,0,2
BRDA:17,1,1,6
BRDA:35,2,0,8
BRDA:35,2,1,6
BRF:6
BRH:6
end_of_record
